"../../../Engine/Content/EditorResources/S_Actor.uasset" 0
"../../../Engine/Content/EngineFonts/Roboto.uasset" 1
"../../../Engine/Content/Functions/Engine_MaterialFunctions01/Shading/PowerToRoughness.uasset" 2
"../../../Engine/Content/Functions/Engine_MaterialFunctions01/Shading/ConvertFromDiffSpec.uasset" 3
"../../../Engine/Content/EngineMaterials/DefaultDiffuse.uasset" 4
"../../../Engine/Content/EngineMaterials/DefaultDeferredDecalMaterial.uasset" 5
"../../../Engine/Content/EngineMaterials/DefaultLightFunctionMaterial.uasset" 6
"../../../Engine/Content/Functions/Engine_MaterialFunctions02/Utility/BreakOutFloat2Components.uasset" 7
"../../../Engine/Content/EngineMaterials/DefaultPostProcessMaterial.uasset" 8
"../../../Engine/Content/EngineResources/DefaultTexture.uasset" 9
"../../../Engine/Content/Functions/Engine_MaterialFunctions01/Texturing/ScaleUVsByCenter.uasset" 10
"../../../Engine/Content/Functions/Engine_MaterialFunctions02/ScreenResolution.uasset" 11
"../../../Engine/Content/Functions/Engine_MaterialFunctions02/Texturing/ScreenAlignedUVs.uasset" 12
"../../../Engine/Content/EngineResources/WhiteSquareTexture.uasset" 13
"../../../Engine/Content/EngineMaterials/Widget3DPassThrough.uasset" 14
"../../../Engine/Content/EngineMaterials/Widget3DPassThrough_Translucent.uasset" 15
"../../../Engine/Content/EngineMaterials/Widget3DPassThrough_Translucent_OneSided.uasset" 16
"../../../Engine/Content/EngineMaterials/Widget3DPassThrough_Opaque.uasset" 17
"../../../Engine/Content/EngineMaterials/Widget3DPassThrough_Opaque_OneSided.uasset" 18
"../../../Engine/Content/EngineMaterials/Widget3DPassThrough_Masked.uasset" 19
"../../../Engine/Content/EngineMaterials/Widget3DPassThrough_Masked_OneSided.uasset" 20
"../../../Engine/Content/Maps/Templates/Thumbnails/Default.uasset" 21
"../../../Engine/Content/EditorMaterials/ParticleSystems/PSysThumbnail_NoImage.uasset" 22
"../../../Engine/Content/EditorMaterials/ParticleSystems/PSysThumbnail_OOD.uasset" 23
"../../../Engine/Content/EditorLandscapeResources/DataLayer.uasset" 24
"../../../Engine/Content/EngineDamageTypes/DmgTypeBP_Environmental.uasset" 25
"../../../Engine/Content/EngineMeshes/Sphere.uasset" 26
"../../../Engine/Content/EngineFonts/RobotoDistanceField.uasset" 27
"../../../Engine/Content/EngineMaterials/DefaultTextMaterialOpaque.uasset" 28
"../../../Engine/Content/EditorResources/S_Trigger.uasset" 29
"../../../Engine/Content/EngineResources/GradientTexture0.uasset" 30
"../../../Engine/Content/EngineResources/Black.uasset" 31
"../../../Engine/Content/EditorMaterials/MatineeGroups/MAT_Groups_Float.uasset" 32
"../../../Engine/Content/EditorMaterials/MatineeGroups/MAT_Groups_Director.uasset" 33
"../../../Engine/Content/EditorMaterials/MatineeGroups/MAT_Groups_Event.uasset" 34
"../../../Engine/Content/EditorMaterials/MatineeGroups/MAT_Groups_Anim.uasset" 35
"../../../Engine/Content/EditorMaterials/MatineeGroups/MAT_Groups_Fade.uasset" 36
"../../../Engine/Content/EditorMaterials/MatineeGroups/MAT_Groups_Move.uasset" 37
"../../../Engine/Content/EditorMaterials/MatineeGroups/MAT_Groups_Slomo.uasset" 38
"../../../Engine/Content/EditorMaterials/MatineeGroups/MAT_ColorTrack.uasset" 39
"../../../Engine/Content/EditorMaterials/MAT_Groups_Toggle.uasset" 40
"../../../Engine/Content/EditorMaterials/MatineeGroups/MAT_Groups_AudioMaster.uasset" 41
"../../../Engine/Content/EditorMaterials/MatineeGroups/MAT_Groups_Sound.uasset" 42
"../../../Engine/Content/EditorMaterials/MatineeGroups/MAT_Groups_Vector.uasset" 43
"../../../Engine/Content/EditorMaterials/MAT_Groups_Visibility.uasset" 44
"../../../Engine/Content/EngineResources/DefaultTextureCube.uasset" 45
"../../../Engine/Content/Functions/Engine_MaterialFunctions01/Opacity/CameraDepthFade.uasset" 46
"../../../Engine/Content/EngineMaterials/T_Default_Material_Grid_M.uasset" 47
"../../../Engine/Content/EngineMaterials/T_Default_Material_Grid_N.uasset" 48
"../../../Engine/Content/EngineMaterials/DefaultMaterial.uasset" 49
"../../../Engine/Content/EngineMeshes/Cylinder.uasset" 50
"../../../Engine/Content/EngineTireTypes/DefaultTireType.uasset" 51
"../../../Engine/Content/Tutorial/Basics/TutorialAssets/icon_tab_Levels_40x.uasset" 52
"../../../Engine/Content/Tutorial/Paper2D/TutorialAssets/Paper2DSprite_TutorialIcon.uasset" 53
"../../../Engine/Content/Tutorial/ContentIntroCurve.uasset" 54
"../../../Engine/Plugins/2D/Paper2D/Content/PlaceholderTextures/DummySpriteTexture.uasset" 55
"../../../Engine/Plugins/2D/Paper2D/Content/DefaultSpriteMaterial.uasset" 56
"../../../Engine/Plugins/2D/Paper2D/Content/MaskedUnlitSpriteMaterial.uasset" 57
"../../../Engine/Plugins/2D/Paper2D/Content/OpaqueUnlitSpriteMaterial.uasset" 58
"../../../Engine/Plugins/2D/Paper2D/Content/DummySprite.uasset" 59
"../../../Engine/Plugins/2D/Paper2D/Content/DefaultPaperTerrainMaterial.uasset" 60
"../../../Engine/Content/EngineMaterials/RemoveSurfaceMaterial.uasset" 61
"../../../Engine/Content/EngineDebugMaterials/DebugMeshMaterial.uasset" 62
"../../../Engine/Content/EngineMaterials/InvalidLightmapSettings.uasset" 63
"../../../Engine/Content/EngineMaterials/M_InvalidLightmapSettings.uasset" 64
"../../../Engine/Content/EditorMaterials/GizmoMaterial.uasset" 65
"../../../Engine/Content/EngineMaterials/Good64x64TilingNoiseHighFreq.uasset" 66
"../../../Engine/Content/EngineMaterials/DefaultBokeh.uasset" 67
"../../../Engine/Content/EngineMaterials/PreintegratedSkinBRDF.uasset" 68
"../../../Engine/Content/EngineMaterials/MiniFont.uasset" 69
"../../../Engine/Content/EngineMaterials/WeightMapPlaceholderTexture.uasset" 70
"../../../Engine/Content/EngineMaterials/DefaultWhiteGrid.uasset" 71
"../../../Engine/Content/EngineMaterials/DefaultPhysicalMaterial.uasset" 72
"../../../Engine/Content/EngineFonts/RobotoTiny.uasset" 73
"../../../Engine/Content/EngineResources/AICON-Red.uasset" 74
"../../../Engine/Content/EngineResources/AICON-Green.uasset" 75
"../../../Engine/Content/EditorResources/EmptyActor.uasset" 76
"../../../SHOT_for11/Content/SideScrollerBP/Meshes/CubeMaterial.uasset" 77
"../../../SHOT_for11/Content/SideScrollerBP/Meshes/Ramp_Mesh.uasset" 78
"../../../SHOT_for11/Content/StarterContent/Materials/M_Basic_Wall.uasset" 79
"../../../SHOT_for11/Content/StarterContent/Architecture/Pillar_50x500.uasset" 80
"../../../SHOT_for11/Content/StarterContent/Architecture/Wall_400x300.uasset" 81
"../../../SHOT_for11/Content/StarterContent/Architecture/Wall_400x400.uasset" 82
"../../../SHOT_for11/Content/StarterContent/Architecture/Wall_500x500.uasset" 83
"../../../SHOT_for11/Content/StarterContent/Architecture/Wall_Door_400x400.uasset" 84
"../../../SHOT_for11/Content/StarterContent/Architecture/Wall_Window_400x400.uasset" 85
"../../../SHOT_for11/Content/StarterContent/Audio/Light01_Cue.uasset" 86
"../../../SHOT_for11/Content/StarterContent/Audio/Light02_Cue.uasset" 87
"../../../Engine/Content/MobileResources/HUD/T_Castle_ThumbstickInner.uasset" 88
"../../../Engine/Content/MobileResources/HUD/AnalogHat.uasset" 89
"../../../SHOT_for11/Content/Geometry/Meshes/CubeMaterial.uasset" 90
"../../../SHOT_for11/Content/Geometry/Meshes/1M_Cube_Chamfer.uasset" 91
"../../../Engine/Content/MobileResources/HUD/MobileHUDDirectionStick.uasset" 92
"../../../SHOT_for11/Content/noise/shootfinish_Cue.uasset" 93
"../../../SHOT_for11/Content/noise/hit.uasset" 94
"../../../Engine/Content/EditorResources/AudioIcons/S_AudioComponent_AutoActivate.uasset" 95
"../../../Engine/Content/EditorResources/AudioIcons/S_AudioComponent.uasset" 96
"../../../Engine/Content/EditorResources/LightIcons/S_LightError.uasset" 97
"../../../SHOT_for11/Content/noise/Weapons/shot_Cue.uasset" 98
"../../../SHOT_for11/Content/MAT/devWallOrange.uasset" 99
"../../../SHOT_for11/Content/StarterContent/Shapes/Shape_Plane.uasset" 100
"../../../SHOT_for11/Content/StarterContent/Shapes/Shape_Pipe_90.uasset" 101
"../../../SHOT_for11/Content/StarterContent/Shapes/Shape_Pipe_180.uasset" 102
"../../../SHOT_for11/Content/StarterContent/Shapes/Shape_Pipe.uasset" 103
"../../../SHOT_for11/Content/StarterContent/Shapes/Shape_NarrowCapsule.uasset" 104
"../../../SHOT_for11/Content/StarterContent/Shapes/Shape_Cone.uasset" 105
"../../../Engine/Content/Functions/Engine_MaterialFunctions02/Utility/BreakOutFloat3Components.uasset" 106
"../../../Engine/Content/Functions/Engine_MaterialFunctions02/Utility/MakeFloat3.uasset" 107
"../../../Engine/Content/Functions/Engine_MaterialFunctions02/Utility/Sign.uasset" 108
"../../../Engine/Content/Functions/Engine_MaterialFunctions02/Utility/Round.uasset" 109
"../../../Engine/Content/Functions/Engine_MaterialFunctions02/Utility/VectorLength.uasset" 110
"../../../Engine/Content/Functions/Engine_MaterialFunctions02/WorldPositionOffset/ObjectScale.uasset" 111
"../../../SHOT_for11/Content/SuperGrid/StarterPack/Materials/Functions/Basic/BreakSet.uasset" 112
"../../../SHOT_for11/Content/SuperGrid/StarterPack/Materials/Functions/Basic/MakeSet.uasset" 113
"../../../SHOT_for11/Content/SuperGrid/StarterPack/Materials/Functions/Basic/Roughness.uasset" 114
"../../../SHOT_for11/Content/SuperGrid/StarterPack/Materials/Functions/Texture/Dye_SingleColor.uasset" 115
"../../../SHOT_for11/Content/SuperGrid/StarterPack/Source/Textures/T_BasicGrid_M.uasset" 116
"../../../SHOT_for11/Content/SuperGrid/StarterPack/Materials/Functions/Texture/Tex_SimpleGrid.uasset" 117
"../../../SHOT_for11/Content/SuperGrid/StarterPack/Materials/Functions/UV/UV_ObjectScalable.uasset" 118
"../../../SHOT_for11/Content/SuperGrid/StarterPack/Materials/Functions/UV/UV_SetupGrid.uasset" 119
"../../../SHOT_for11/Content/SuperGrid/StarterPack/Source/Textures/T_BasicGrid_N.uasset" 120
"../../../SHOT_for11/Content/SuperGrid/StarterPack/Materials/Base/M_SuperGrid_SingleColor.uasset" 121
"../../../SHOT_for11/Content/SuperGrid/StarterPack/Materials/Palette/Grids/M_SuperGrid_Default.uasset" 122
"../../../SHOT_for11/Content/SuperGrid/StarterPack/Source/Meshes/SuperGrid_SlantedBox45.uasset" 123
"../../../Engine/Content/MobileResources/HUD/VirtualJoystick_Background.uasset" 124
"../../../Engine/Content/MobileResources/HUD/VirtualJoystick_Thumb.uasset" 125
"../../../Engine/Content/MobileResources/HUD/DefaultVirtualJoysticks.uasset" 126
"../../../Engine/Content/MobileResources/T_MobileMenu2.uasset" 127
"../../../SHOT_for11/Content/StarterContent/Shapes/Shape_Wedge_A.uasset" 128
"../../../SHOT_for11/Content/StarterContent/Shapes/Shape_Tube.uasset" 129
"../../../SHOT_for11/Content/StarterContent/Shapes/Shape_Trim_90_Out.uasset" 130
"../../../SHOT_for11/Content/StarterContent/Shapes/Shape_Trim_90_In.uasset" 131
"../../../SHOT_for11/Content/StarterContent/Shapes/Shape_Trim.uasset" 132
"../../../SHOT_for11/Content/StarterContent/Shapes/Shape_Torus.uasset" 133
"../../../SHOT_for11/Content/SuperGrid/StarterPack/Source/Meshes/SuperGrid_Stairs.uasset" 134
"../../../SHOT_for11/Content/SuperGrid/StarterPack/Source/Meshes/SuperGrid_Slope.uasset" 135
"../../../Engine/Content/MobileResources/HUD/MobileHUDButton1_off.uasset" 136
"../../../Engine/Content/MobileResources/HUD/MobileHUDDirectionPad.uasset" 137
"../../../Engine/Content/MobileResources/HUD/MobileHUDButton1_on.uasset" 138
"../../../Engine/Content/MobileResources/HUD/MobileHUDButton2_off.uasset" 139
"../../../Engine/Content/MobileResources/HUD/MobileHUDDirectionPad3.uasset" 140
"../../../Engine/Content/MobileResources/HUD/MobileHUDButton2_on.uasset" 141
"../../../SHOT_for11/Content/StarterContent/Shapes/Shape_Wedge_B.uasset" 142
"../../../Engine/Content/MobileResources/HUD/LeftVirtualJoystickOnly.uasset" 143
"../../../Engine/Content/MobileResources/T_MobileControls_texture.uasset" 144
"../../../Engine/Content/MobileResources/HUD/MobileHUDButtonFire.uasset" 145
"../../../Engine/Content/MobileResources/HUD/MobileHUDButton3.uasset" 146
"../../../SHOT_for11/Content/StarterContent/Shapes/Shape_WideCapsule.uasset" 147
"../../../Engine/Content/MobileResources/HUD/MobileHUDDirectionPad2.uasset" 148
"../../../Engine/Content/EditorMaterials/PhAT_JointLimitMaterial.uasset" 149
"../../../Engine/Content/EditorMaterials/PreviewShadowIndicator.uasset" 150
"../../../Engine/Content/EditorMaterials/PreviewShadowIndicatorMaterial.uasset" 151
"../../../Engine/Content/EditorResources/BSPVertex.uasset" 152
"../../../Engine/Content/EngineDebugMaterials/HeatmapGradient.uasset" 153
"../../../Engine/Content/EngineDebugMaterials/BoneWeightMaterial.uasset" 154
"../../../Engine/Content/EngineDebugMaterials/GeomMaterial.uasset" 155
"../../../Engine/Content/EngineMaterials/EditorBrushMaterial.uasset" 156
"../../../Engine/Content/EngineMeshes/Cube.uasset" 157
"../../../Engine/Content/MobileResources/HUD/T_Castle_ThumbstickOutter.uasset" 158
"../../../Engine/Content/Tutorial/BlueprintTutorials/TutorialAssets/BlueprintInterface_64x.uasset" 159
"../../../Engine/Content/Tutorial/BlueprintTutorials/TutorialAssets/BlueprintMacroLibrary_64x.uasset" 160
"../../../Engine/Content/Tutorial/BlueprintTutorials/TutorialAssets/Blueprint_64x.uasset" 161
"../../../Engine/Content/Tutorial/BlueprintTutorials/TutorialAssets/Tutorial_BP_Interface.uasset" 162
"../../../Engine/Content/Tutorial/Foliage/TutorialAssets/Foliage.uasset" 163
"../../../Engine/Content/Tutorial/Landscape/TutorialAssets/Landscape.uasset" 164
"../../../Engine/Content/Tutorial/Paper2D/TutorialAssets/Paper2DFlipbook_TutorialIcon.uasset" 165
"../../../Engine/Content/Tutorial/SubEditors/TutorialAssets/icon_Editor_Preferences_General_40x.uasset" 166
"../../../Engine/Content/Tutorial/SubEditors/TutorialAssets/icon_ShowSkeletalMeshes_40x.uasset" 167
"../../../Engine/Content/Tutorial/SubEditors/TutorialAssets/TutorialMaterial.uasset" 168
"../../../Engine/Content/Tutorial/SubEditors/TutorialAssets/T_SmokeSubUV_8X8.uasset" 169
"../../../Engine/Content/Tutorial/SubEditors/TutorialAssets/T_soft_smoke.uasset" 170
"../../../Engine/Content/Tutorial/SubEditors/TutorialAssets/M_smoke_subUV_blackbody.uasset" 171
"../../../Engine/Content/Tutorial/SubEditors/TutorialAssets/TutorialParticleSystem.uasset" 172
"../../../Engine/Content/EngineMaterials/WorldGridMaterial.uasset" 173
"../../../Engine/Content/Tutorial/SubEditors/TutorialAssets/Tutorial_DM.uasset" 174
"../../../SHOT_for11/Content/MAT/dev1.uasset" 175
"../../../SHOT_for11/Content/MAT/tilesontiles2_N.uasset" 176
"../../../SHOT_for11/Content/MAT/tilesontiles_N.uasset" 177
"../../../SHOT_for11/Content/MAT/dev1_Mat.uasset" 178
"../../../SHOT_for11/Content/MAT/World_mat.uasset" 179
"../../../SHOT_for11/Content/MAT/Ship_mat.uasset" 180
"../../../SHOT_for11/Content/Meshes/coolship_DM.uasset" 181
"../../../SHOT_for11/Content/SideScrollerBP/Mannequin/Character/Mesh/UE4_Mannequin_Skeleton.uasset" 182
"../../../SHOT_for11/Content/SideScrollerBP/Mannequin/Animations/ThirdPersonJump_End.uasset" 183
"../../../SHOT_for11/Content/StarterContent/Audio/Explosion_Cue.uasset" 184
"../../../SHOT_for11/Content/StarterContent/Textures/T_Burst_M.uasset" 185
"../../../SHOT_for11/Content/StarterContent/Particles/Materials/M_Burst.uasset" 186
"../../../SHOT_for11/Content/StarterContent/Textures/T_Explosion_SubUV.uasset" 187
"../../../SHOT_for11/Content/StarterContent/Particles/Materials/M_explosion_subUV.uasset" 188
"../../../SHOT_for11/Content/StarterContent/Particles/Materials/m_flare_01.uasset" 189
"../../../Engine/Content/Functions/Engine_MaterialFunctions01/Gradient/RadialGradient.uasset" 190
"../../../SHOT_for11/Content/StarterContent/Particles/Materials/M_radial_ramp.uasset" 191
"../../../SHOT_for11/Content/StarterContent/Textures/T_Smoke_SubUV.uasset" 192
"../../../SHOT_for11/Content/StarterContent/Textures/T_Smoke_Tiled_D.uasset" 193
"../../../SHOT_for11/Content/StarterContent/Particles/Materials/M_smoke_subUV.uasset" 194
"../../../SHOT_for11/Content/StarterContent/Particles/P_Explosion.uasset" 195
"../../../SHOT_for11/Content/StarterContent/Blueprints/Blueprint_Effect_Explosion.uasset" 196
"../../../Engine/Content/EditorMeshes/ColorCalibrator/T_ColorGrid.uasset" 197
"../../../SHOT_for11/Content/StarterContent/Materials/M_ColorGrid_LowSpec.uasset" 198
"../../../SHOT_for11/Content/StarterContent/Textures/T_Bush_D.uasset" 199
"../../../SHOT_for11/Content/StarterContent/Textures/T_Bush_N.uasset" 200
"../../../SHOT_for11/Content/StarterContent/Props/Materials/M_Bush.uasset" 201
"../../../SHOT_for11/Content/StarterContent/Props/SM_Bush.uasset" 202
"../../../SHOT_for11/Content/StarterContent/Textures/T_Chair_M.uasset" 203
"../../../SHOT_for11/Content/StarterContent/Textures/T_Chair_N.uasset" 204
"../../../SHOT_for11/Content/StarterContent/Props/Materials/M_Chair.uasset" 205
"../../../SHOT_for11/Content/StarterContent/Props/SM_Couch.uasset" 206
"../../../SHOT_for11/Content/StarterContent/Materials/M_Glass.uasset" 207
"../../../SHOT_for11/Content/StarterContent/Textures/T_Door_M.uasset" 208
"../../../SHOT_for11/Content/StarterContent/Textures/T_Door_N.uasset" 209
"../../../SHOT_for11/Content/StarterContent/Props/Materials/M_Door.uasset" 210
"../../../SHOT_for11/Content/StarterContent/Props/SM_Door.uasset" 211
"../../../SHOT_for11/Content/StarterContent/Props/Materials/M_MaterialSphere.uasset" 212
"../../../SHOT_for11/Content/StarterContent/Props/Materials/M_MaterialSphere_Plain.uasset" 213
"../../../SHOT_for11/Content/StarterContent/Props/SM_MatPreviewMesh_02.uasset" 214
"../../../Engine/Content/Functions/Engine_MaterialFunctions02/Utility/BlendAngleCorrectedNormals.uasset" 215
"../../../SHOT_for11/Content/StarterContent/Textures/T_Detail_Rocky_N.uasset" 216
"../../../SHOT_for11/Content/StarterContent/Textures/T_Rock_Basalt_D.uasset" 217
"../../../SHOT_for11/Content/StarterContent/Textures/T_RockMesh_M.uasset" 218
"../../../SHOT_for11/Content/StarterContent/Textures/T_RockMesh_N.uasset" 219
"../../../SHOT_for11/Content/StarterContent/Props/Materials/M_Rock.uasset" 220
"../../../SHOT_for11/Content/StarterContent/Props/SM_Rock.uasset" 221
"../../../SHOT_for11/Content/StarterContent/Textures/T_Shelf_M.uasset" 222
"../../../SHOT_for11/Content/StarterContent/Textures/T_Shelf_N.uasset" 223
"../../../SHOT_for11/Content/StarterContent/Props/Materials/M_Shelf.uasset" 224
"../../../SHOT_for11/Content/StarterContent/Props/SM_Shelf.uasset" 225
"../../../SHOT_for11/Content/StarterContent/Materials/M_Basic_Floor.uasset" 226
"../../../SHOT_for11/Content/StarterContent/Props/SM_Stairs.uasset" 227
"../../../SHOT_for11/Content/SuperGrid/StarterPack/Source/Meshes/SuperGrid_Arch1.uasset" 228
"../../../SHOT_for11/Content/SuperGrid/StarterPack/Source/Meshes/SuperGrid_Arch2.uasset" 229
"../../../SHOT_for11/Content/SuperGrid/StarterPack/Source/Meshes/SuperGrid_Box.uasset" 230
"../../../SHOT_for11/Content/SuperGrid/StarterPack/Source/Meshes/SuperGrid_BoxCentered.uasset" 231
"../../../SHOT_for11/Content/SuperGrid/StarterPack/Source/Meshes/SuperGrid_BoxHighRes.uasset" 232
"../../../SHOT_for11/Content/SuperGrid/StarterPack/Source/Meshes/SuperGrid_Cone.uasset" 233
"../../../SHOT_for11/Content/SuperGrid/StarterPack/Source/Meshes/SuperGrid_CornerInner.uasset" 234
"../../../SHOT_for11/Content/SuperGrid/StarterPack/Source/Meshes/SuperGrid_CornerOuter.uasset" 235
"../../../SHOT_for11/Content/SuperGrid/StarterPack/Source/Meshes/SuperGrid_CylinderBend.uasset" 236
"../../../SHOT_for11/Content/SuperGrid/StarterPack/Source/Meshes/SuperGrid_CylinderFull.uasset" 237
"../../../SHOT_for11/Content/SuperGrid/StarterPack/Source/Meshes/SuperGrid_CylinderHalf.uasset" 238
"../../../SHOT_for11/Content/SuperGrid/StarterPack/Source/Meshes/SuperGrid_CylinderQuarter.uasset" 239
"../../../SHOT_for11/Content/SuperGrid/StarterPack/Source/Meshes/SuperGrid_Hexagon.uasset" 240
"../../../SHOT_for11/Content/SuperGrid/StarterPack/Source/Meshes/SuperGrid_Plane.uasset" 241
"../../../SHOT_for11/Content/SuperGrid/StarterPack/Source/Meshes/SuperGrid_Pyramide.uasset" 242
"../../../SHOT_for11/Content/SuperGrid/StarterPack/Source/Textures/T_BasicGridW_M.uasset" 243
"../../../SHOT_for11/Content/SuperGrid/StarterPack/Materials/Palette/Grids/M_SuperGrid_Walkable.uasset" 244
"../../../SHOT_for11/Content/SuperGrid/StarterPack/Source/Meshes/SuperGrid_Ramp.uasset" 245
"../../../SHOT_for11/Content/SuperGrid/StarterPack/Source/Meshes/SuperGrid_RingPiece.uasset" 246
"../../../SHOT_for11/Content/SuperGrid/StarterPack/Source/Meshes/SuperGrid_RingQuarter.uasset" 247
"../../../SHOT_for11/Content/SuperGrid/StarterPack/Source/Meshes/SuperGrid_SlantedBox22.uasset" 248
"../../../SHOT_for11/Content/SuperGrid/StarterPack/Source/Meshes/SuperGrid_SlantedBox35.uasset" 249
"../../../SHOT_for11/Content/UMG/g7gradius2_1byte.uasset" 250
"../../../SHOT_for11/Content/StarterContent/Audio/Fire01_Cue.uasset" 251
"../../../SHOT_for11/Content/StarterContent/Textures/T_Fire_SubUV.uasset" 252
"../../../SHOT_for11/Content/StarterContent/Textures/T_Fire_Tiled_D.uasset" 253
"../../../SHOT_for11/Content/StarterContent/Particles/Materials/M_Fire_SubUV.uasset" 254
"../../../SHOT_for11/Content/StarterContent/Textures/T_Water_N.uasset" 255
"../../../SHOT_for11/Content/StarterContent/Particles/Materials/M_Heat_Distortion.uasset" 256
"../../../SHOT_for11/Content/StarterContent/Particles/Materials/M_Radial_Gradient.uasset" 257
"../../../SHOT_for11/Content/StarterContent/Particles/P_Fire.uasset" 258
"../../../SHOT_for11/Content/StarterContent/Blueprints/Blueprint_Effect_Fire.uasset" 259
"../../../SHOT_for11/Content/StarterContent/Audio/Smoke01_Cue.uasset" 260
"../../../SHOT_for11/Content/StarterContent/Particles/P_Smoke.uasset" 261
"../../../SHOT_for11/Content/StarterContent/Blueprints/Blueprint_Effect_Smoke.uasset" 262
"../../../SHOT_for11/Content/StarterContent/Audio/Fire_Sparks01_Cue.uasset" 263
"../../../SHOT_for11/Content/StarterContent/Textures/T_Spark_Core.uasset" 264
"../../../SHOT_for11/Content/StarterContent/Particles/Materials/M_Spark.uasset" 265
"../../../SHOT_for11/Content/StarterContent/Particles/P_Sparks.uasset" 266
"../../../SHOT_for11/Content/StarterContent/Blueprints/Blueprint_Effect_Sparks.uasset" 267
"../../../SHOT_for11/Content/StarterContent/Audio/Steam01_Cue.uasset" 268
"../../../SHOT_for11/Content/StarterContent/Particles/P_Steam_Lit.uasset" 269
"../../../SHOT_for11/Content/StarterContent/Blueprints/Blueprint_Effect_Steam.uasset" 270
"../../../Engine/Content/EditorBlueprintResources/StandardMacros.uasset" 271
"../../../Engine/Content/EngineSky/C_Sky_Cloud_Color.uasset" 272
"../../../Engine/Content/EngineSky/C_Sky_Horizon_Color.uasset" 273
"../../../Engine/Content/EngineSky/C_Sky_Zenith_Color.uasset" 274
"../../../Engine/Content/EngineSky/T_Sky_Blue.uasset" 275
"../../../Engine/Content/EngineSky/T_Sky_Clouds_M.uasset" 276
"../../../Engine/Content/EngineSky/T_Sky_Stars.uasset" 277
"../../../Engine/Content/EngineSky/M_Sky_Panning_Clouds2.uasset" 278
"../../../Engine/Content/EngineSky/SM_SkySphere.uasset" 279
"../../../Engine/Content/EngineSky/BP_Sky_Sphere.uasset" 280
"../../../SHOT_for11/Content/StarterContent/Textures/T_Lamp_M.uasset" 281
"../../../SHOT_for11/Content/StarterContent/Textures/T_Lamp_N.uasset" 282
"../../../SHOT_for11/Content/StarterContent/Props/Materials/M_Lamp.uasset" 283
"../../../SHOT_for11/Content/StarterContent/Props/SM_Lamp_Ceiling.uasset" 284
"../../../SHOT_for11/Content/StarterContent/Blueprints/Blueprint_CeilingLight.uasset" 285
"../../../SHOT_for11/Content/StarterContent/Props/SM_Lamp_Wall.uasset" 286
"../../../SHOT_for11/Content/StarterContent/Blueprints/Blueprint_WallSconce.uasset" 287
"../../../Engine/Content/Functions/Engine_MaterialFunctions03/Procedurals/ComputeFilterWidth.uasset" 288
"../../../Engine/Content/EngineMaterials/AntiAliasedTextMaterialTranslucent.uasset" 289
"../../../SHOT_for11/Content/StarterContent/Textures/T_Brick_Clay_Beveled_D.uasset" 290
"../../../SHOT_for11/Content/StarterContent/Textures/T_Brick_Clay_Beveled_M.uasset" 291
"../../../SHOT_for11/Content/StarterContent/Textures/T_Brick_Clay_Beveled_N.uasset" 292
"../../../SHOT_for11/Content/StarterContent/Textures/T_MacroVariation.uasset" 293
"../../../SHOT_for11/Content/StarterContent/Materials/M_Brick_Clay_Beveled.uasset" 294
"../../../SHOT_for11/Content/StarterContent/Textures/T_Brick_Clay_New_D.uasset" 295
"../../../SHOT_for11/Content/StarterContent/Textures/T_Brick_Clay_New_M.uasset" 296
"../../../SHOT_for11/Content/StarterContent/Textures/T_Brick_Clay_New_N.uasset" 297
"../../../SHOT_for11/Content/StarterContent/Materials/M_Brick_Clay_New.uasset" 298
"../../../SHOT_for11/Content/StarterContent/Textures/T_Brick_Clay_Old_D.uasset" 299
"../../../SHOT_for11/Content/StarterContent/Textures/T_Brick_Clay_Old_N.uasset" 300
"../../../SHOT_for11/Content/StarterContent/Textures/T_Perlin_Noise_M.uasset" 301
"../../../SHOT_for11/Content/StarterContent/Materials/M_Brick_Clay_Old.uasset" 302
"../../../SHOT_for11/Content/StarterContent/Textures/T_Brick_Cut_Stone_D.uasset" 303
"../../../SHOT_for11/Content/StarterContent/Textures/T_Brick_Cut_Stone_N.uasset" 304
"../../../SHOT_for11/Content/StarterContent/Materials/M_Brick_Cut_Stone.uasset" 305
"../../../SHOT_for11/Content/StarterContent/Textures/T_Brick_Hewn_Stone_D.uasset" 306
"../../../SHOT_for11/Content/StarterContent/Textures/T_Brick_Hewn_Stone_M.uasset" 307
"../../../SHOT_for11/Content/StarterContent/Textures/T_Brick_Hewn_Stone_N.uasset" 308
"../../../SHOT_for11/Content/StarterContent/Materials/M_Brick_Hewn_Stone.uasset" 309
"../../../SHOT_for11/Content/StarterContent/Textures/T_Ceramic_Tile_M.uasset" 310
"../../../SHOT_for11/Content/StarterContent/Textures/T_Ceramic_Tile_N.uasset" 311
"../../../SHOT_for11/Content/StarterContent/Textures/T_Rock_Marble_Polished_D.uasset" 312
"../../../SHOT_for11/Content/StarterContent/Materials/M_Ceramic_Tile_Checker.uasset" 313
"../../../SHOT_for11/Content/StarterContent/Textures/T_CobbleStone_Pebble_D.uasset" 314
"../../../SHOT_for11/Content/StarterContent/Textures/T_CobbleStone_Pebble_M.uasset" 315
"../../../SHOT_for11/Content/StarterContent/Textures/T_CobbleStone_Pebble_N.uasset" 316
"../../../SHOT_for11/Content/StarterContent/Materials/M_CobbleStone_Pebble.uasset" 317
"../../../SHOT_for11/Content/StarterContent/Textures/T_CobbleStone_Rough_D.uasset" 318
"../../../SHOT_for11/Content/StarterContent/Textures/T_CobbleStone_Rough_N.uasset" 319
"../../../SHOT_for11/Content/StarterContent/Textures/T_Gradinet_01.uasset" 320
"../../../SHOT_for11/Content/StarterContent/Textures/T_Rock_Smooth_Granite_D.uasset" 321
"../../../SHOT_for11/Content/StarterContent/Materials/M_CobbleStone_Rough.uasset" 322
"../../../SHOT_for11/Content/StarterContent/Textures/T_CobbleStone_Smooth_D.uasset" 323
"../../../SHOT_for11/Content/StarterContent/Textures/T_CobbleStone_Smooth_M.uasset" 324
"../../../SHOT_for11/Content/StarterContent/Textures/T_CobbleStone_Smooth_N.uasset" 325
"../../../SHOT_for11/Content/StarterContent/Materials/M_CobbleStone_Smooth.uasset" 326
"../../../SHOT_for11/Content/StarterContent/Textures/T_Concrete_Grime_D.uasset" 327
"../../../SHOT_for11/Content/StarterContent/Textures/T_Metal_Rust_N.uasset" 328
"../../../SHOT_for11/Content/StarterContent/Materials/M_Concrete_Grime.uasset" 329
"../../../SHOT_for11/Content/StarterContent/Textures/T_Concrete_Panels_D.uasset" 330
"../../../SHOT_for11/Content/StarterContent/Textures/T_Concrete_Panels_N.uasset" 331
"../../../SHOT_for11/Content/StarterContent/Materials/M_Concrete_Panels.uasset" 332
"../../../SHOT_for11/Content/StarterContent/Textures/T_Concrete_Poured_D.uasset" 333
"../../../SHOT_for11/Content/StarterContent/Textures/T_Concrete_Poured_N.uasset" 334
"../../../SHOT_for11/Content/StarterContent/Materials/M_Concrete_Poured.uasset" 335
"../../../SHOT_for11/Content/StarterContent/Textures/T_Concrete_Tiles_D.uasset" 336
"../../../SHOT_for11/Content/StarterContent/Textures/T_Concrete_Tiles_M.uasset" 337
"../../../SHOT_for11/Content/StarterContent/Textures/T_Concrete_Tiles_N.uasset" 338
"../../../SHOT_for11/Content/StarterContent/Textures/T_Concrete_Tiles_Variation_M.uasset" 339
"../../../SHOT_for11/Content/StarterContent/Materials/M_Concrete_Tiles.uasset" 340
"../../../SHOT_for11/Content/StarterContent/Textures/T_Ground_Grass_D.uasset" 341
"../../../SHOT_for11/Content/StarterContent/Textures/T_Ground_Grass_N.uasset" 342
"../../../SHOT_for11/Content/StarterContent/Materials/M_Ground_Grass.uasset" 343
"../../../SHOT_for11/Content/StarterContent/Textures/T_Ground_Gravel_D.uasset" 344
"../../../SHOT_for11/Content/StarterContent/Textures/T_Ground_Gravel_N.uasset" 345
"../../../SHOT_for11/Content/StarterContent/Materials/M_Ground_Gravel.uasset" 346
"../../../SHOT_for11/Content/StarterContent/Textures/T_ground_Moss_D.uasset" 347
"../../../SHOT_for11/Content/StarterContent/Textures/T_Ground_Moss_N.uasset" 348
"../../../SHOT_for11/Content/StarterContent/Materials/M_Ground_Moss.uasset" 349
"../../../SHOT_for11/Content/StarterContent/Materials/M_Metal_Brushed_Nickel.uasset" 350
"../../../SHOT_for11/Content/StarterContent/Textures/T_Metal_Aluminum_D.uasset" 351
"../../../SHOT_for11/Content/StarterContent/Textures/T_Metal_Gold_N.uasset" 352
"../../../SHOT_for11/Content/StarterContent/Materials/M_Metal_Burnished_Steel.uasset" 353
"../../../SHOT_for11/Content/StarterContent/Materials/M_Metal_Chrome.uasset" 354
"../../../SHOT_for11/Content/StarterContent/Textures/T_Metal_Copper_D.uasset" 355
"../../../SHOT_for11/Content/StarterContent/Materials/M_Metal_Copper.uasset" 356
"../../../SHOT_for11/Content/StarterContent/Textures/T_Metal_Gold_D.uasset" 357
"../../../SHOT_for11/Content/StarterContent/Materials/M_Metal_Gold.uasset" 358
"../../../SHOT_for11/Content/StarterContent/Textures/T_Metal_Rust_D.uasset" 359
"../../../SHOT_for11/Content/StarterContent/Materials/M_Metal_Rust.uasset" 360
"../../../SHOT_for11/Content/StarterContent/Textures/T_Metal_Steel_D.uasset" 361
"../../../SHOT_for11/Content/StarterContent/Textures/T_Metal_Steel_N.uasset" 362
"../../../SHOT_for11/Content/StarterContent/Materials/M_Metal_Steel.uasset" 363
"../../../SHOT_for11/Content/StarterContent/Textures/T_Rock_Basalt_N.uasset" 364
"../../../SHOT_for11/Content/StarterContent/Materials/M_Rock_Basalt.uasset" 365
"../../../SHOT_for11/Content/StarterContent/Materials/M_Rock_Marble_Polished.uasset" 366
"../../../SHOT_for11/Content/StarterContent/Textures/T_Rock_Sandstone_D.uasset" 367
"../../../SHOT_for11/Content/StarterContent/Textures/T_Rock_Sandstone_N.uasset" 368
"../../../SHOT_for11/Content/StarterContent/Materials/M_Rock_Sandstone.uasset" 369
"../../../SHOT_for11/Content/StarterContent/Textures/T_Rock_Slate_D.uasset" 370
"../../../SHOT_for11/Content/StarterContent/Textures/T_Rock_Slate_N.uasset" 371
"../../../SHOT_for11/Content/StarterContent/Materials/M_Rock_Slate.uasset" 372
"../../../SHOT_for11/Content/StarterContent/Textures/T_Checker_Noise_M.uasset" 373
"../../../SHOT_for11/Content/StarterContent/Textures/T_Single_Tile_N.uasset" 374
"../../../SHOT_for11/Content/StarterContent/Textures/T_Tech_Dot_M.uasset" 375
"../../../SHOT_for11/Content/StarterContent/Textures/T_Tech_Dot_N.uasset" 376
"../../../SHOT_for11/Content/StarterContent/Materials/M_Tech_Checker_Dot.uasset" 377
"../../../SHOT_for11/Content/StarterContent/Textures/T_Tech_Hex_Tile_M.uasset" 378
"../../../SHOT_for11/Content/StarterContent/Textures/T_Tech_Hex_Tile_N.uasset" 379
"../../../SHOT_for11/Content/StarterContent/Materials/M_Tech_Hex_Tile.uasset" 380
"../../../SHOT_for11/Content/StarterContent/Materials/M_Tech_Hex_Tile_Pulse.uasset" 381
"../../../SHOT_for11/Content/StarterContent/Textures/T_Tech_Panel_M.uasset" 382
"../../../SHOT_for11/Content/StarterContent/Textures/T_Tech_Panel_N.uasset" 383
"../../../SHOT_for11/Content/StarterContent/Materials/M_Tech_Panel.uasset" 384
"../../../SHOT_for11/Content/StarterContent/Materials/M_Water_Lake.uasset" 385
"../../../SHOT_for11/Content/StarterContent/Textures/T_Water_M.uasset" 386
"../../../SHOT_for11/Content/StarterContent/Materials/M_Water_Ocean.uasset" 387
"../../../SHOT_for11/Content/StarterContent/Textures/T_Wood_Floor_Walnut_D.uasset" 388
"../../../SHOT_for11/Content/StarterContent/Textures/T_Wood_Floor_Walnut_M.uasset" 389
"../../../SHOT_for11/Content/StarterContent/Textures/T_Wood_Floor_Walnut_N.uasset" 390
"../../../SHOT_for11/Content/StarterContent/Materials/M_Wood_Floor_Walnut_Polished.uasset" 391
"../../../Engine/Content/Functions/Engine_MaterialFunctions01/Opacity/AlphaOffset.uasset" 392
"../../../SHOT_for11/Content/StarterContent/Materials/M_Wood_Floor_Walnut_Worn.uasset" 393
"../../../SHOT_for11/Content/StarterContent/Textures/T_Wood_Oak_D.uasset" 394
"../../../SHOT_for11/Content/StarterContent/Textures/T_Wood_Oak_N.uasset" 395
"../../../SHOT_for11/Content/StarterContent/Materials/M_Wood_Oak.uasset" 396
"../../../SHOT_for11/Content/StarterContent/Textures/T_Wood_Pine_D.uasset" 397
"../../../SHOT_for11/Content/StarterContent/Textures/T_Wood_Pine_N.uasset" 398
"../../../SHOT_for11/Content/StarterContent/Materials/M_Wood_Pine.uasset" 399
"../../../SHOT_for11/Content/StarterContent/Textures/T_Wood_Walnut_D.uasset" 400
"../../../SHOT_for11/Content/StarterContent/Textures/T_Wood_Walnut_N.uasset" 401
"../../../SHOT_for11/Content/StarterContent/Materials/M_Wood_Walnut.uasset" 402
"../../../SHOT_for11/Content/StarterContent/Architecture/Floor_400x400.uasset" 403
"../../../SHOT_for11/Content/StarterContent/Architecture/Wall_400x200.uasset" 404
"../../../SHOT_for11/Content/StarterContent/Architecture/Wall_Door_400x300.uasset" 405
"../../../SHOT_for11/Content/StarterContent/Architecture/Wall_Window_400x300.uasset" 406
"../../../SHOT_for11/Content/StarterContent/Audio/Collapse_Cue.uasset" 407
"../../../SHOT_for11/Content/StarterContent/Audio/Starter_Background_Cue.uasset" 408
"../../../SHOT_for11/Content/StarterContent/Audio/Starter_Music_Cue.uasset" 409
"../../../SHOT_for11/Content/StarterContent/Textures/T_Dust_Particle_D.uasset" 410
"../../../SHOT_for11/Content/StarterContent/Particles/Materials/M_Dust_Particle.uasset" 411
"../../../SHOT_for11/Content/StarterContent/Particles/P_Ambient_Dust.uasset" 412
"../../../SHOT_for11/Content/StarterContent/Props/MaterialSphere.uasset" 413
"../../../SHOT_for11/Content/StarterContent/Props/SM_Chair.uasset" 414
"../../../SHOT_for11/Content/StarterContent/Textures/T_Frame_M.uasset" 415
"../../../SHOT_for11/Content/StarterContent/Textures/T_Frame_N.uasset" 416
"../../../SHOT_for11/Content/StarterContent/Props/Materials/M_Frame.uasset" 417
"../../../SHOT_for11/Content/StarterContent/Props/SM_CornerFrame.uasset" 418
"../../../SHOT_for11/Content/StarterContent/Props/SM_DoorFrame.uasset" 419
"../../../SHOT_for11/Content/StarterContent/Props/SM_GlassWindow.uasset" 420
"../../../SHOT_for11/Content/StarterContent/Props/SM_PillarFrame.uasset" 421
"../../../SHOT_for11/Content/StarterContent/Props/SM_PillarFrame300.uasset" 422
"../../../SHOT_for11/Content/StarterContent/Textures/T_Statue_M.uasset" 423
"../../../SHOT_for11/Content/StarterContent/Textures/T_Statue_N.uasset" 424
"../../../SHOT_for11/Content/StarterContent/Props/Materials/M_Statue.uasset" 425
"../../../SHOT_for11/Content/StarterContent/Props/Materials/M_StatueGlass.uasset" 426
"../../../SHOT_for11/Content/StarterContent/Props/SM_Statue.uasset" 427
"../../../SHOT_for11/Content/StarterContent/Textures/T_TableRound_M.uasset" 428
"../../../SHOT_for11/Content/StarterContent/Textures/T_TableRound_N.uasset" 429
"../../../SHOT_for11/Content/StarterContent/Props/Materials/M_TableRound.uasset" 430
"../../../SHOT_for11/Content/StarterContent/Props/SM_TableRound.uasset" 431
"../../../SHOT_for11/Content/StarterContent/Props/SM_WindowFrame.uasset" 432
"../../../SHOT_for11/Content/StarterContent/Shapes/Shape_Cube.uasset" 433
"../../../SHOT_for11/Content/StarterContent/Shapes/Shape_QuadPyramid.uasset" 434
"../../../SHOT_for11/Content/StarterContent/Shapes/Shape_Sphere.uasset" 435
"../../../SHOT_for11/Content/StarterContent/Maps/StarterMap.umap" 436
"../../../SHOT_for11/Content/MAT/Item_Mat.uasset" 437
"../../../Engine/Content/BasicShapes/Sphere.uasset" 438
"../../../SHOT_for11/Content/SuperGrid/StarterPack/Source/Meshes/SuperGrid_RingFull.uasset" 439
"../../../SHOT_for11/Content/Blueprints/TitleAssets/Pickup_shield_2.uasset" 440
"../../../SHOT_for11/Content/StarterContent/Shapes/Shape_TriPyramid.uasset" 441
"../../../SHOT_for11/Content/Blueprints/TitleAssets/Pickup_tensionBeam_2.uasset" 442
"../../../SHOT_for11/Content/Blueprints/TitleAssets/TitleProp.uasset" 443
"../../../SHOT_for11/Content/MAT/TitleShip_mat.uasset" 444
"../../../SHOT_for11/Content/Meshes/Hurricane_MKII.uasset" 445
"../../../SHOT_for11/Content/Blueprints/TitleAssets/TitleProp_Ship.uasset" 446
"../../../SHOT_for11/Content/Blueprints/TitleAssets/TitleMode.uasset" 447
"../../../SHOT_for11/Content/MAT/bigestblackestmaterial.uasset" 448
"../../../SHOT_for11/Content/Effects/LoLvlRes.uasset" 449
"../../../SHOT_for11/Content/Effects/LoLvlRes_Inst.uasset" 450
"../../../Engine/Content/BasicShapes/Cube.uasset" 451
"../../../Engine/Content/EditorResources/MatineeCam_D.uasset" 452
"../../../SHOT_for11/Content/noise/shootbegin_Cue.uasset" 453
"../../../SHOT_for11/Content/noise/shootstargame_Cue.uasset" 454
"../../../SHOT_for11/Content/PARTICLES/boom2.uasset" 455
"../../../SHOT_for11/Content/PARTICLES/boom2_Mat.uasset" 456
"../../../SHOT_for11/Content/PARTICLES/Starfield.uasset" 457
"../../../SHOT_for11/Content/UMG/g7gradius1_1byte.uasset" 458
"../../../SHOT_for11/Content/UMG/LOADING.uasset" 459
"../../../SHOT_for11/Content/UMG/gradius.uasset" 460
"../../../SHOT_for11/Content/UMG/TITLE.uasset" 461
"../../../SHOT_for11/Content/Maps/Start.umap" 462
"../../../SHOT_for11/Content/SideScrollerBP/Mannequin/Animations/ThirdPerson_Jump.uasset" 463
"../../../SHOT_for11/Content/SideScrollerBP/Mannequin/Animations/ThirdPersonJump_Loop.uasset" 464
"../../../SHOT_for11/Content/SideScrollerBP/Mannequin/Animations/ThirdPersonJump_Start.uasset" 465
"../../../SHOT_for11/Content/SideScrollerBP/Mannequin/Animations/ThirdPersonIdle.uasset" 466
"../../../SHOT_for11/Content/SideScrollerBP/Mannequin/Animations/ThirdPersonRun.uasset" 467
"../../../SHOT_for11/Content/SideScrollerBP/Mannequin/Animations/ThirdPersonWalk.uasset" 468
"../../../SHOT_for11/Content/SideScrollerBP/Mannequin/Animations/ThirdPerson_IdleRun_2D.uasset" 469
"../../../SHOT_for11/Content/SideScrollerBP/Mannequin/Animations/ThirdPerson_AnimBP.uasset" 470
"../../../Engine/Content/Functions/MaterialLayerFunctions/MatLayerBlend_NormalBlend.uasset" 471
"../../../Engine/Content/Functions/MaterialLayerFunctions/MatLayerBlend_Simple.uasset" 472
"../../../SHOT_for11/Content/SideScrollerBP/Mannequin/Character/Materials/MaterialLayers/T_ML_Rubber_Blue_01_D.uasset" 473
"../../../SHOT_for11/Content/SideScrollerBP/Mannequin/Character/Materials/MaterialLayers/T_ML_Rubber_Blue_01_N.uasset" 474
"../../../SHOT_for11/Content/SideScrollerBP/Mannequin/Character/Materials/MaterialLayers/ML_GlossyBlack_Latex_UE4.uasset" 475
"../../../SHOT_for11/Content/SideScrollerBP/Mannequin/Character/Materials/MaterialLayers/ML_Plastic_Shiny_Beige.uasset" 476
"../../../SHOT_for11/Content/SideScrollerBP/Mannequin/Character/Textures/UE4_LOGO_CARD.uasset" 477
"../../../SHOT_for11/Content/SideScrollerBP/Mannequin/Character/Materials/MaterialLayers/ML_Plastic_Shiny_Beige_LOGO.uasset" 478
"../../../SHOT_for11/Content/SideScrollerBP/Mannequin/Character/Materials/MaterialLayers/T_ML_Aluminum01.uasset" 479
"../../../SHOT_for11/Content/SideScrollerBP/Mannequin/Character/Materials/MaterialLayers/T_ML_Aluminum01_N.uasset" 480
"../../../SHOT_for11/Content/SideScrollerBP/Mannequin/Character/Materials/MaterialLayers/ML_SoftMetal_UE4.uasset" 481
"../../../SHOT_for11/Content/SideScrollerBP/Mannequin/Character/Textures/UE4_Mannequin__normals.uasset" 482
"../../../SHOT_for11/Content/SideScrollerBP/Mannequin/Character/Textures/UE4_Mannequin_MAT_MASKA.uasset" 483
"../../../SHOT_for11/Content/SideScrollerBP/Mannequin/Character/Materials/M_UE4Man_Body.uasset" 484
"../../../SHOT_for11/Content/SideScrollerBP/Mannequin/Character/Textures/UE4Man_Logo_N.uasset" 485
"../../../SHOT_for11/Content/SideScrollerBP/Mannequin/Character/Materials/M_UE4Man_ChestLogo.uasset" 486
"../../../SHOT_for11/Content/SideScrollerBP/Mannequin/Character/Mesh/SK_Mannequin_PhysicsAsset.uasset" 487
"../../../SHOT_for11/Content/SideScrollerBP/Mannequin/Character/Mesh/SK_Mannequin.uasset" 488
"../../../SHOT_for11/Content/SideScrollerBP/Blueprints/SideScrollerCharacter.uasset" 489
"../../../SHOT_for11/Content/Geometry/Meshes/1M_Cube.uasset" 490
"../../../SHOT_for11/Content/Geometry/Meshes/TemplateFloor.uasset" 491
"../../../SHOT_for11/Content/SideScrollerBP/Maps/SideScrollerExampleMap.umap" 492
"../../../SHOT_for11/Content/StarterContent/Maps/Minimal_Default.umap" 493
"../../../Engine/Content/EngineMaterials/DefaultNormal.uasset" 494
"../../../Engine/Content/Maps/Entry.umap" 495
"../../../SHOT_for11/Content/StarterContent/Blueprints/Assets/FogBrightnessLUT.uasset" 496
"../../../SHOT_for11/Content/StarterContent/Blueprints/Assets/SunlightColorLUT.uasset" 497
"../../../SHOT_for11/Content/StarterContent/Blueprints/Assets/M_LightStage_Arrows.uasset" 498
"../../../Engine/Content/MapTemplates/Sky/DaylightAmbientCubemap.uasset" 499
"../../../SHOT_for11/Content/StarterContent/Blueprints/Assets/M_LightStage_Skybox_Master.uasset" 500
"../../../SHOT_for11/Content/StarterContent/Blueprints/Assets/M_LightStage_Skybox_Black.uasset" 501
"../../../SHOT_for11/Content/StarterContent/Blueprints/Assets/M_LightStage_Skybox_HDRI.uasset" 502
"../../../Engine/Content/EditorMaterials/Thumbnails/SkySphereMaterial.uasset" 503
"../../../SHOT_for11/Content/StarterContent/Blueprints/Assets/Skybox.uasset" 504
"../../../SHOT_for11/Content/StarterContent/Blueprints/Assets/SM_Arrows.uasset" 505
"../../../SHOT_for11/Content/StarterContent/HDRI/HDRI_Epic_Courtyard_Daylight.uasset" 506
"../../../SHOT_for11/Content/StarterContent/Blueprints/BP_LightStudio.uasset" 507
"../../../SHOT_for11/Content/StarterContent/Materials/M_AssetPlatform.uasset" 508
"../../../Engine/Content/EditorMeshes/ColorCalibrator/M_ChromeBall.uasset" 509
"../../../Engine/Content/EditorMeshes/ColorCalibrator/M_ClearCoat.uasset" 510
"../../../Engine/Content/EditorMeshes/ColorCalibrator/M_ClearCoatBlack.uasset" 511
"../../../Engine/Content/EditorMeshes/ColorCalibrator/M_ColorGrid.uasset" 512
"../../../Engine/Content/EditorMeshes/ColorCalibrator/M_GreyBall.uasset" 513
"../../../Engine/Content/EditorMeshes/ColorCalibrator/SM_ColorCalibrator.uasset" 514
"../../../SHOT_for11/Content/StarterContent/Architecture/SM_AssetPlatform.uasset" 515
"../../../SHOT_for11/Content/StarterContent/Maps/Advanced_Lighting.umap" 516
"../../../SHOT_for11/Content/MAT/badder.uasset" 517
"../../../Engine/Content/BasicShapes/Cone.uasset" 518
"../../../SHOT_for11/Content/Blueprints/BaddieBob.uasset" 519
"../../../SHOT_for11/Content/MAT/badAtBad.uasset" 520
"../../../SHOT_for11/Content/Blueprints/BaddieWave.uasset" 521
"../../../SHOT_for11/Content/Meshes/Hurricane_MKII_DM.uasset" 522
"../../../SHOT_for11/Content/noise/welldead_Cue.uasset" 523
"../../../SHOT_for11/Content/PARTICLES/A_Boom.uasset" 524
"../../../SHOT_for11/Content/Blueprints/coolship_Death.uasset" 525
"../../../SHOT_for11/Content/MAT/bad.uasset" 526
"../../../SHOT_for11/Content/Blueprints/BaddieBoss.uasset" 527
"../../../SHOT_for11/Content/MAT/Shot_mat.uasset" 528
"../../../SHOT_for11/Content/noise/hit_Cue.uasset" 529
"../../../SHOT_for11/Content/PARTICLES/A_Shock.uasset" 530
"../../../SHOT_for11/Content/StarterContent/Shapes/Shape_Cylinder.uasset" 531
"../../../SHOT_for11/Content/Blueprints/ShotPlain.uasset" 532
"../../../SHOT_for11/Content/PARTICLES/boom.uasset" 533
"../../../SHOT_for11/Content/PARTICLES/boom_Mat.uasset" 534
"../../../SHOT_for11/Content/PARTICLES/A_Pulse.uasset" 535
"../../../SHOT_for11/Content/Blueprints/Pickup_tensionBeam.uasset" 536
"../../../SHOT_for11/Content/Blueprints/Pickup_shield.uasset" 537
"../../../SHOT_for11/Content/Blueprints/TensionBeam.uasset" 538
"../../../Engine/Content/EditorMaterials/Cascade/CASC_Cross.uasset" 539
"../../../Engine/Content/EditorMaterials/Cascade/CASC_None.uasset" 540
"../../../Engine/Content/Functions/Engine_MaterialFunctions03/Blends/Blend_Overlay.uasset" 541
"../../../SHOT_for11/Content/MAT/ShieldMat.uasset" 542
"../../../SHOT_for11/Content/noise/barhit_Cue.uasset" 543
"../../../SHOT_for11/Content/noise/Shieldget_Cue.uasset" 544
"../../../SHOT_for11/Content/noise/shieldscored_Cue.uasset" 545
"../../../SHOT_for11/Content/noise/shipdead_Cue.uasset" 546
"../../../SHOT_for11/Content/noise/TensionBeamAquired_Cue.uasset" 547
"../../../SHOT_for11/Content/noise/Weapons/newshot_Cue.uasset" 548
"../../../SHOT_for11/Content/noise/Weapons/TensionBeam_Cue.uasset" 549
"../../../SHOT_for11/Content/noise/Weapons/TensionBeamFire_Cue.uasset" 550
"../../../SHOT_for11/Content/noise/Weapons/TensionBeamPostFire_Cue.uasset" 551
"../../../SHOT_for11/Content/PARTICLES/A_Puffs.uasset" 552
"../../../SHOT_for11/Content/PARTICLES/TBeam_part.uasset" 553
"../../../SHOT_for11/Content/PARTICLES/Charging.uasset" 554
"../../../SHOT_for11/Content/PARTICLES/arrow.uasset" 555
"../../../SHOT_for11/Content/PARTICLES/arrow_Mat.uasset" 556
"../../../SHOT_for11/Content/PARTICLES/TensionBeam.uasset" 557
"../../../SHOT_for11/Content/PARTICLES/TensionBeamFiring.uasset" 558
"../../../SHOT_for11/Content/Blueprints/ShootingCharacter.uasset" 559
"../../../SHOT_for11/Content/Blueprints/Baddie.uasset" 560
"../../../SHOT_for11/Content/Blueprints/Baddiespawn.uasset" 561
"../../../SHOT_for11/Content/Blueprints/BossSpawn.uasset" 562
"../../../SHOT_for11/Content/Blueprints/PickupSpawner.uasset" 563
"../../../SHOT_for11/Content/Blueprints/LevelAnchor.uasset" 564
"../../../SHOT_for11/Content/MAT/SpaceBackground.uasset" 565
"../../../SHOT_for11/Content/MAT/SpaceBackground_Mat.uasset" 566
"../../../SHOT_for11/Content/MAT/SpaceBackgroundTRANS.uasset" 567
"../../../SHOT_for11/Content/MAT/SpaceBackground_MatTrans.uasset" 568
"../../../SHOT_for11/Content/Box_Brush_StaticMesh.uasset" 569
"../../../SHOT_for11/Content/Maps/Game.umap" 570
